14:26:58 GMT+0300 (Moscow Standard Time) POST: /api/user/login user-agent: PostmanRuntime/7.39.1
14:26:58 GMT+0300 (Moscow Standard Time) POST: /api/user/login user-agent: PostmanRuntime/7.39.1
14:27:19 GMT+0300 (Moscow Standard Time) GET: /api/books user-agent: PostmanRuntime/7.39.1
14:27:39 GMT+0300 (Moscow Standard Time) GET: /api/books; user-agent: PostmanRuntime/7.39.1
14:27:56 GMT+0300 (Moscow Standard Time) GET: /api/books; 	 user-agent: PostmanRuntime/7.39.1
14:28:10 GMT+0300 (Moscow Standard Time) 	 GET: /api/books; 	 user-agent: PostmanRuntime/7.39.1
14:28:17 GMT+0300 (Moscow Standard Time) 	 GET: /api/books; 	 user-agent: PostmanRuntime/7.39.1
14:28:17 GMT+0300 (Moscow Standard Time) 	 GET: /api/books; 	 user-agent: PostmanRuntime/7.39.1
14:28:18 GMT+0300 (Moscow Standard Time) 	 GET: /api/books; 	 user-agent: PostmanRuntime/7.39.1
14:28:18 GMT+0300 (Moscow Standard Time) 	 GET: /api/books; 	 user-agent: PostmanRuntime/7.39.1
14:28:21 GMT+0300 (Moscow Standard Time) 	 GET: /api/books; 	 user-agent: PostmanRuntime/7.39.1
14:28:30 GMT+0300 (Moscow Standard Time) 	 GET: /api/books; 	 user-agent: PostmanRuntime/7.39.1
14:28:30 GMT+0300 (Moscow Standard Time) 	 GET: /api/books; 	 user-agent: PostmanRuntime/7.39.1
14:44:16 GMT+0300 (Moscow Standard Time) 	 GET: /api/books; 	 user-agent: PostmanRuntime/7.39.1
14:44:24 GMT+0300 (Moscow Standard Time) 	 POST: /api/books; 	 user-agent: PostmanRuntime/7.39.1
14:44:45 GMT+0300 (Moscow Standard Time) 	 POST: /api/books; 	 user-agent: PostmanRuntime/7.39.1
14:44:46 GMT+0300 (Moscow Standard Time) 	 POST: /api/books; 	 user-agent: PostmanRuntime/7.39.1
14:44:59 GMT+0300 (Moscow Standard Time) 	 POST: /api/books; 	 user-agent: PostmanRuntime/7.39.1
14:45:21 GMT+0300 (Moscow Standard Time) 	 POST: /api/books; 	 user-agent: PostmanRuntime/7.39.1
14:45:40 GMT+0300 (Moscow Standard Time) 	 GET: /api/books; 	 user-agent: PostmanRuntime/7.39.1
14:46:29 GMT+0300 (Moscow Standard Time) 	 GET: /api/books; 	 user-agent: PostmanRuntime/7.39.1
14:46:34 GMT+0300 (Moscow Standard Time) 	 POST: /api/books; 	 user-agent: PostmanRuntime/7.39.1
14:46:58 GMT+0300 (Moscow Standard Time) 	 POST: /api/books; 	 user-agent: PostmanRuntime/7.39.1
14:47:02 GMT+0300 (Moscow Standard Time) 	 GET: /api/books; 	 user-agent: PostmanRuntime/7.39.1
14:59:13 GMT+0300 (Moscow Standard Time) 	 POST: /api/books; 	 user-agent: PostmanRuntime/7.39.1
14:59:26 GMT+0300 (Moscow Standard Time) 	 PUT: /api/books/516b2b63-d0ec-4ce3-90a2-711b4a3d4b08; 	 user-agent: PostmanRuntime/7.39.1
14:59:32 GMT+0300 (Moscow Standard Time) 	 PUT: /api/books/516b2b63-d0ec-4ce3-90a2-711b4a3d4b08; 	 user-agent: PostmanRuntime/7.39.1
14:59:44 GMT+0300 (Moscow Standard Time) 	 GET: /api/books/516b2b63-d0ec-4ce3-90a2-711b4a3d4b08; 	 user-agent: PostmanRuntime/7.39.1
14:59:45 GMT+0300 (Moscow Standard Time) 	 GET: /api/books/516b2b63-d0ec-4ce3-90a2-711b4a3d4b08; 	 user-agent: PostmanRuntime/7.39.1
14:59:48 GMT+0300 (Moscow Standard Time) 	 GET: /api/books/516b2b63-d0ec-4ce3-90a2-711b4a3d4b08; 	 user-agent: PostmanRuntime/7.39.1
15:00:19 GMT+0300 (Moscow Standard Time) 	 GET: /api/books/516b2b63-d0ec-4ce3-90a2-711b4a3d4b08; 	 user-agent: PostmanRuntime/7.39.1
15:00:50 GMT+0300 (Moscow Standard Time) 	 GET: /api/books/516b2b63-d0ec-4ce3-90a2-711b4a3d4b08; 	 user-agent: PostmanRuntime/7.39.1
15:00:59 GMT+0300 (Moscow Standard Time) 	 POST: /api/books; 	 user-agent: PostmanRuntime/7.39.1
15:01:47 GMT+0300 (Moscow Standard Time) 	 PUT: /api/books/4d9135ee-baeb-44a3-8de4-859c82aaaade; 	 user-agent: PostmanRuntime/7.39.1
15:02:01 GMT+0300 (Moscow Standard Time) 	 POST: /api/books/4d9135ee-baeb-44a3-8de4-859c82aaaade; 	 user-agent: PostmanRuntime/7.39.1
15:02:47 GMT+0300 (Moscow Standard Time) 	 POST: /api/books/4d9135ee-baeb-44a3-8de4-859c82aaaade; 	 user-agent: PostmanRuntime/7.39.1
15:02:52 GMT+0300 (Moscow Standard Time) 	 POST: /api/books; 	 user-agent: PostmanRuntime/7.39.1
15:03:21 GMT+0300 (Moscow Standard Time) 	 PUT: /api/books/35d14626-ebb0-4dd8-aafc-2979899926df; 	 user-agent: PostmanRuntime/7.39.1
15:03:51 GMT+0300 (Moscow Standard Time) 	 POST: /api/books; 	 user-agent: PostmanRuntime/7.39.1
15:04:05 GMT+0300 (Moscow Standard Time) 	 PUT: /api/books/b912814d-f866-4f2f-a3d0-2654f349d6d3; 	 user-agent: PostmanRuntime/7.39.1
15:04:16 GMT+0300 (Moscow Standard Time) 	 PUT: /api/books/b912814d-f866-4f2f-a3d0-2654f349d6d3; 	 user-agent: PostmanRuntime/7.39.1
15:04:18 GMT+0300 (Moscow Standard Time) 	 PUT: /api/books/b912814d-f866-4f2f-a3d0-2654f349d6d3; 	 user-agent: PostmanRuntime/7.39.1
15:05:42 GMT+0300 (Moscow Standard Time) 	 POST: /api/books/b912814d-f866-4f2f-a3d0-2654f349d6d3; 	 user-agent: PostmanRuntime/7.39.1
15:05:48 GMT+0300 (Moscow Standard Time) 	 POST: /api/books; 	 user-agent: PostmanRuntime/7.39.1
15:06:02 GMT+0300 (Moscow Standard Time) 	 DELETE: /api/books/95524842-2b68-48b9-8c54-799a839ebd71; 	 user-agent: PostmanRuntime/7.39.1
15:06:09 GMT+0300 (Moscow Standard Time) 	 GET: /api/books/95524842-2b68-48b9-8c54-799a839ebd71; 	 user-agent: PostmanRuntime/7.39.1
15:07:12 GMT+0300 (Moscow Standard Time) 	 POST: /api/books; 	 user-agent: PostmanRuntime/7.39.1
15:07:30 GMT+0300 (Moscow Standard Time) 	 DELETE: /api/books/69085c2e-5f4d-4ffe-8c89-447ab0a8f71b; 	 user-agent: PostmanRuntime/7.39.1
